{"/Users/leandropassoslpkyrius/Projects/WebDev/skeletons/Factory-Dependency-Injection-UnitTests-E2ETests/src/e2e-tests/mockedTasks.ts": {"path":"/Users/leandropassoslpkyrius/Projects/WebDev/skeletons/Factory-Dependency-Injection-UnitTests-E2ETests/src/e2e-tests/mockedTasks.ts","all":false,"statementMap":{"0":{"start":{"line":1,"column":0},"end":{"line":1,"column":40}},"1":{"start":{"line":2,"column":0},"end":{"line":2,"column":0}},"2":{"start":{"line":3,"column":0},"end":{"line":3,"column":21}},"3":{"start":{"line":4,"column":0},"end":{"line":4,"column":3}},"4":{"start":{"line":5,"column":0},"end":{"line":5,"column":49}},"5":{"start":{"line":6,"column":0},"end":{"line":6,"column":53}},"6":{"start":{"line":7,"column":0},"end":{"line":7,"column":59}},"7":{"start":{"line":8,"column":0},"end":{"line":8,"column":44}},"8":{"start":{"line":9,"column":0},"end":{"line":9,"column":4}},"9":{"start":{"line":10,"column":0},"end":{"line":10,"column":3}},"10":{"start":{"line":11,"column":0},"end":{"line":11,"column":49}},"11":{"start":{"line":12,"column":0},"end":{"line":12,"column":53}},"12":{"start":{"line":13,"column":0},"end":{"line":13,"column":59}},"13":{"start":{"line":14,"column":0},"end":{"line":14,"column":44}},"14":{"start":{"line":15,"column":0},"end":{"line":15,"column":3}},"15":{"start":{"line":16,"column":0},"end":{"line":16,"column":1}},"16":{"start":{"line":17,"column":0},"end":{"line":17,"column":0}},"17":{"start":{"line":18,"column":0},"end":{"line":18,"column":22}}},"s":{"0":1,"1":1,"2":1,"3":1,"4":1,"5":1,"6":1,"7":1,"8":1,"9":1,"10":1,"11":1,"12":1,"13":1,"14":1,"15":1,"16":1,"17":1},"branchMap":{},"b":{},"fnMap":{},"f":{}}
,"/Users/leandropassoslpkyrius/Projects/WebDev/skeletons/Factory-Dependency-Injection-UnitTests-E2ETests/src/factory/TaskFactory.ts": {"path":"/Users/leandropassoslpkyrius/Projects/WebDev/skeletons/Factory-Dependency-Injection-UnitTests-E2ETests/src/factory/TaskFactory.ts","all":false,"statementMap":{"0":{"start":{"line":1,"column":0},"end":{"line":1,"column":54}},"1":{"start":{"line":2,"column":0},"end":{"line":2,"column":64}},"2":{"start":{"line":3,"column":0},"end":{"line":3,"column":90}},"3":{"start":{"line":4,"column":0},"end":{"line":4,"column":0}},"4":{"start":{"line":5,"column":0},"end":{"line":5,"column":34}},"5":{"start":{"line":6,"column":0},"end":{"line":6,"column":33}},"6":{"start":{"line":7,"column":0},"end":{"line":7,"column":57}},"7":{"start":{"line":8,"column":0},"end":{"line":8,"column":56}},"8":{"start":{"line":9,"column":0},"end":{"line":9,"column":59}},"9":{"start":{"line":10,"column":0},"end":{"line":10,"column":2}},"10":{"start":{"line":11,"column":0},"end":{"line":11,"column":26}},"11":{"start":{"line":12,"column":0},"end":{"line":12,"column":3}},"12":{"start":{"line":13,"column":0},"end":{"line":13,"column":1}}},"s":{"0":1,"1":1,"2":1,"3":1,"4":1,"5":1,"6":18,"7":18,"8":18,"9":18,"10":18,"11":18,"12":1},"branchMap":{"0":{"type":"branch","line":6,"loc":{"start":{"line":6,"column":9},"end":{"line":12,"column":3}},"locations":[{"start":{"line":6,"column":9},"end":{"line":12,"column":3}}]}},"b":{"0":[18]},"fnMap":{"0":{"name":"createInstance","decl":{"start":{"line":6,"column":9},"end":{"line":12,"column":3}},"loc":{"start":{"line":6,"column":9},"end":{"line":12,"column":3}},"line":6}},"f":{"0":18}}
,"/Users/leandropassoslpkyrius/Projects/WebDev/skeletons/Factory-Dependency-Injection-UnitTests-E2ETests/src/repository/in-memory/ManageTaskTestFile.ts": {"path":"/Users/leandropassoslpkyrius/Projects/WebDev/skeletons/Factory-Dependency-Injection-UnitTests-E2ETests/src/repository/in-memory/ManageTaskTestFile.ts","all":false,"statementMap":{"0":{"start":{"line":1,"column":0},"end":{"line":1,"column":25}},"1":{"start":{"line":2,"column":0},"end":{"line":2,"column":24}},"2":{"start":{"line":3,"column":0},"end":{"line":3,"column":58}},"3":{"start":{"line":4,"column":0},"end":{"line":4,"column":0}},"4":{"start":{"line":5,"column":0},"end":{"line":5,"column":26}},"5":{"start":{"line":6,"column":0},"end":{"line":6,"column":81}},"6":{"start":{"line":7,"column":0},"end":{"line":7,"column":0}},"7":{"start":{"line":8,"column":0},"end":{"line":8,"column":17}},"8":{"start":{"line":9,"column":0},"end":{"line":9,"column":19}},"9":{"start":{"line":10,"column":0},"end":{"line":10,"column":3}},"10":{"start":{"line":11,"column":0},"end":{"line":11,"column":0}},"11":{"start":{"line":12,"column":0},"end":{"line":12,"column":13}},"12":{"start":{"line":13,"column":0},"end":{"line":13,"column":9}},"13":{"start":{"line":14,"column":0},"end":{"line":14,"column":42}},"14":{"start":{"line":15,"column":0},"end":{"line":15,"column":69}},"15":{"start":{"line":16,"column":0},"end":{"line":16,"column":7}},"16":{"start":{"line":17,"column":0},"end":{"line":17,"column":21}},"17":{"start":{"line":18,"column":0},"end":{"line":18,"column":65}},"18":{"start":{"line":19,"column":0},"end":{"line":19,"column":18}},"19":{"start":{"line":20,"column":0},"end":{"line":20,"column":5}},"20":{"start":{"line":21,"column":0},"end":{"line":21,"column":3}},"21":{"start":{"line":22,"column":0},"end":{"line":22,"column":0}},"22":{"start":{"line":23,"column":0},"end":{"line":23,"column":13}},"23":{"start":{"line":24,"column":0},"end":{"line":24,"column":25}},"24":{"start":{"line":25,"column":0},"end":{"line":25,"column":3}},"25":{"start":{"line":26,"column":0},"end":{"line":26,"column":0}},"26":{"start":{"line":27,"column":0},"end":{"line":27,"column":15}},"27":{"start":{"line":28,"column":0},"end":{"line":28,"column":22}},"28":{"start":{"line":29,"column":0},"end":{"line":29,"column":19}},"29":{"start":{"line":30,"column":0},"end":{"line":30,"column":3}},"30":{"start":{"line":31,"column":0},"end":{"line":31,"column":0}},"31":{"start":{"line":32,"column":0},"end":{"line":32,"column":37}},"32":{"start":{"line":33,"column":0},"end":{"line":33,"column":9}},"33":{"start":{"line":34,"column":0},"end":{"line":34,"column":46}},"34":{"start":{"line":35,"column":0},"end":{"line":35,"column":21}},"35":{"start":{"line":36,"column":0},"end":{"line":36,"column":65}},"36":{"start":{"line":37,"column":0},"end":{"line":37,"column":18}},"37":{"start":{"line":38,"column":0},"end":{"line":38,"column":5}},"38":{"start":{"line":39,"column":0},"end":{"line":39,"column":3}},"39":{"start":{"line":40,"column":0},"end":{"line":40,"column":1}},"40":{"start":{"line":41,"column":0},"end":{"line":41,"column":0}},"41":{"start":{"line":42,"column":0},"end":{"line":42,"column":30}}},"s":{"0":1,"1":1,"2":1,"3":1,"4":1,"5":1,"6":1,"7":1,"8":20,"9":20,"10":1,"11":1,"12":22,"13":22,"14":2,"15":2,"16":22,"17":0,"18":0,"19":0,"20":22,"21":1,"22":1,"23":20,"24":20,"25":1,"26":1,"27":2,"28":2,"29":2,"30":1,"31":1,"32":2,"33":2,"34":2,"35":0,"36":0,"37":0,"38":2,"39":1,"40":1,"41":1},"branchMap":{"0":{"type":"branch","line":8,"loc":{"start":{"line":8,"column":2},"end":{"line":10,"column":3}},"locations":[{"start":{"line":8,"column":2},"end":{"line":10,"column":3}}]},"1":{"type":"branch","line":12,"loc":{"start":{"line":12,"column":2},"end":{"line":21,"column":3}},"locations":[{"start":{"line":12,"column":2},"end":{"line":21,"column":3}}]},"2":{"type":"branch","line":14,"loc":{"start":{"line":14,"column":41},"end":{"line":16,"column":7}},"locations":[{"start":{"line":14,"column":41},"end":{"line":16,"column":7}}]},"3":{"type":"branch","line":17,"loc":{"start":{"line":17,"column":6},"end":{"line":20,"column":5}},"locations":[{"start":{"line":17,"column":6},"end":{"line":20,"column":5}}]},"4":{"type":"branch","line":23,"loc":{"start":{"line":23,"column":2},"end":{"line":25,"column":3}},"locations":[{"start":{"line":23,"column":2},"end":{"line":25,"column":3}}]},"5":{"type":"branch","line":27,"loc":{"start":{"line":27,"column":2},"end":{"line":30,"column":3}},"locations":[{"start":{"line":27,"column":2},"end":{"line":30,"column":3}}]},"6":{"type":"branch","line":32,"loc":{"start":{"line":32,"column":2},"end":{"line":39,"column":3}},"locations":[{"start":{"line":32,"column":2},"end":{"line":39,"column":3}}]},"7":{"type":"branch","line":35,"loc":{"start":{"line":35,"column":6},"end":{"line":38,"column":5}},"locations":[{"start":{"line":35,"column":6},"end":{"line":38,"column":5}}]}},"b":{"0":[20],"1":[22],"2":[2],"3":[0],"4":[20],"5":[2],"6":[2],"7":[0]},"fnMap":{"0":{"name":"ManageTaskTestFile","decl":{"start":{"line":8,"column":2},"end":{"line":10,"column":3}},"loc":{"start":{"line":8,"column":2},"end":{"line":10,"column":3}},"line":8},"1":{"name":"newFile","decl":{"start":{"line":12,"column":2},"end":{"line":21,"column":3}},"loc":{"start":{"line":12,"column":2},"end":{"line":21,"column":3}},"line":12},"2":{"name":"getFile","decl":{"start":{"line":23,"column":2},"end":{"line":25,"column":3}},"loc":{"start":{"line":23,"column":2},"end":{"line":25,"column":3}},"line":23},"3":{"name":"resetFile","decl":{"start":{"line":27,"column":2},"end":{"line":30,"column":3}},"loc":{"start":{"line":27,"column":2},"end":{"line":30,"column":3}},"line":27},"4":{"name":"deleteFile","decl":{"start":{"line":32,"column":2},"end":{"line":39,"column":3}},"loc":{"start":{"line":32,"column":2},"end":{"line":39,"column":3}},"line":32}},"f":{"0":20,"1":22,"2":20,"3":2,"4":2}}
,"/Users/leandropassoslpkyrius/Projects/WebDev/skeletons/Factory-Dependency-Injection-UnitTests-E2ETests/src/repository/in-memory/TasksRepositoryInMemory.ts": {"path":"/Users/leandropassoslpkyrius/Projects/WebDev/skeletons/Factory-Dependency-Injection-UnitTests-E2ETests/src/repository/in-memory/TasksRepositoryInMemory.ts","all":false,"statementMap":{"0":{"start":{"line":1,"column":0},"end":{"line":1,"column":34}},"1":{"start":{"line":2,"column":0},"end":{"line":2,"column":25}},"2":{"start":{"line":3,"column":0},"end":{"line":3,"column":24}},"3":{"start":{"line":4,"column":0},"end":{"line":4,"column":43}},"4":{"start":{"line":5,"column":0},"end":{"line":5,"column":53}},"5":{"start":{"line":6,"column":0},"end":{"line":6,"column":58}},"6":{"start":{"line":7,"column":0},"end":{"line":7,"column":58}},"7":{"start":{"line":8,"column":0},"end":{"line":8,"column":0}},"8":{"start":{"line":9,"column":0},"end":{"line":9,"column":36}},"9":{"start":{"line":10,"column":0},"end":{"line":10,"column":0}},"10":{"start":{"line":11,"column":0},"end":{"line":11,"column":17}},"11":{"start":{"line":12,"column":0},"end":{"line":12,"column":56}},"12":{"start":{"line":13,"column":0},"end":{"line":13,"column":49}},"13":{"start":{"line":14,"column":0},"end":{"line":14,"column":3}},"14":{"start":{"line":15,"column":0},"end":{"line":15,"column":0}},"15":{"start":{"line":16,"column":0},"end":{"line":16,"column":40}},"16":{"start":{"line":17,"column":0},"end":{"line":17,"column":43}},"17":{"start":{"line":18,"column":0},"end":{"line":18,"column":92}},"18":{"start":{"line":19,"column":0},"end":{"line":19,"column":24}},"19":{"start":{"line":20,"column":0},"end":{"line":20,"column":33}},"20":{"start":{"line":21,"column":0},"end":{"line":21,"column":19}},"21":{"start":{"line":22,"column":0},"end":{"line":22,"column":3}},"22":{"start":{"line":23,"column":0},"end":{"line":23,"column":0}},"23":{"start":{"line":24,"column":0},"end":{"line":24,"column":43}},"24":{"start":{"line":25,"column":0},"end":{"line":25,"column":43}},"25":{"start":{"line":26,"column":0},"end":{"line":26,"column":59}},"26":{"start":{"line":27,"column":0},"end":{"line":27,"column":23}},"27":{"start":{"line":28,"column":0},"end":{"line":28,"column":26}},"28":{"start":{"line":29,"column":0},"end":{"line":29,"column":35}},"29":{"start":{"line":30,"column":0},"end":{"line":30,"column":18}},"30":{"start":{"line":31,"column":0},"end":{"line":31,"column":5}},"31":{"start":{"line":32,"column":0},"end":{"line":32,"column":38}},"32":{"start":{"line":33,"column":0},"end":{"line":33,"column":3}},"33":{"start":{"line":34,"column":0},"end":{"line":34,"column":0}},"34":{"start":{"line":35,"column":0},"end":{"line":35,"column":46}},"35":{"start":{"line":36,"column":0},"end":{"line":36,"column":43}},"36":{"start":{"line":37,"column":0},"end":{"line":37,"column":39}},"37":{"start":{"line":38,"column":0},"end":{"line":38,"column":59}},"38":{"start":{"line":39,"column":0},"end":{"line":39,"column":49}},"39":{"start":{"line":40,"column":0},"end":{"line":40,"column":43}},"40":{"start":{"line":41,"column":0},"end":{"line":41,"column":18}},"41":{"start":{"line":42,"column":0},"end":{"line":42,"column":5}},"42":{"start":{"line":43,"column":0},"end":{"line":43,"column":17}},"43":{"start":{"line":44,"column":0},"end":{"line":44,"column":3}},"44":{"start":{"line":45,"column":0},"end":{"line":45,"column":0}},"45":{"start":{"line":46,"column":0},"end":{"line":46,"column":46}},"46":{"start":{"line":47,"column":0},"end":{"line":47,"column":43}},"47":{"start":{"line":48,"column":0},"end":{"line":48,"column":4}},"48":{"start":{"line":49,"column":0},"end":{"line":49,"column":48}},"49":{"start":{"line":50,"column":0},"end":{"line":50,"column":3}},"50":{"start":{"line":51,"column":0},"end":{"line":51,"column":0}},"51":{"start":{"line":52,"column":0},"end":{"line":52,"column":33}},"52":{"start":{"line":53,"column":0},"end":{"line":53,"column":36}},"53":{"start":{"line":54,"column":0},"end":{"line":54,"column":3}},"54":{"start":{"line":55,"column":0},"end":{"line":55,"column":0}},"55":{"start":{"line":56,"column":0},"end":{"line":56,"column":49}},"56":{"start":{"line":57,"column":0},"end":{"line":57,"column":43}},"57":{"start":{"line":58,"column":0},"end":{"line":58,"column":54}},"58":{"start":{"line":59,"column":0},"end":{"line":59,"column":23}},"59":{"start":{"line":60,"column":0},"end":{"line":60,"column":26}},"60":{"start":{"line":61,"column":0},"end":{"line":61,"column":5}},"61":{"start":{"line":62,"column":0},"end":{"line":62,"column":36}},"62":{"start":{"line":63,"column":0},"end":{"line":63,"column":3}},"63":{"start":{"line":64,"column":0},"end":{"line":64,"column":0}},"64":{"start":{"line":65,"column":0},"end":{"line":65,"column":39}},"65":{"start":{"line":66,"column":0},"end":{"line":66,"column":61}},"66":{"start":{"line":67,"column":0},"end":{"line":67,"column":32}},"67":{"start":{"line":68,"column":0},"end":{"line":68,"column":3}},"68":{"start":{"line":69,"column":0},"end":{"line":69,"column":0}},"69":{"start":{"line":70,"column":0},"end":{"line":70,"column":49}},"70":{"start":{"line":71,"column":0},"end":{"line":71,"column":68}},"71":{"start":{"line":72,"column":0},"end":{"line":72,"column":3}},"72":{"start":{"line":73,"column":0},"end":{"line":73,"column":1}},"73":{"start":{"line":74,"column":0},"end":{"line":74,"column":0}},"74":{"start":{"line":75,"column":0},"end":{"line":75,"column":35}}},"s":{"0":1,"1":1,"2":1,"3":1,"4":1,"5":1,"6":1,"7":1,"8":1,"9":1,"10":1,"11":19,"12":19,"13":19,"14":1,"15":1,"16":4,"17":4,"18":4,"19":4,"20":4,"21":4,"22":1,"23":1,"24":4,"25":4,"26":4,"27":2,"28":2,"29":2,"30":2,"31":2,"32":2,"33":1,"34":1,"35":2,"36":2,"37":2,"38":2,"39":2,"40":2,"41":2,"42":0,"43":0,"44":1,"45":1,"46":8,"47":8,"48":8,"49":8,"50":1,"51":1,"52":8,"53":8,"54":1,"55":1,"56":1,"57":1,"58":1,"59":1,"60":1,"61":0,"62":0,"63":1,"64":1,"65":27,"66":27,"67":27,"68":1,"69":1,"70":8,"71":8,"72":1,"73":1,"74":1},"branchMap":{"0":{"type":"branch","line":11,"loc":{"start":{"line":11,"column":2},"end":{"line":14,"column":3}},"locations":[{"start":{"line":11,"column":2},"end":{"line":14,"column":3}}]},"1":{"type":"branch","line":16,"loc":{"start":{"line":16,"column":2},"end":{"line":22,"column":3}},"locations":[{"start":{"line":16,"column":2},"end":{"line":22,"column":3}}]},"2":{"type":"branch","line":24,"loc":{"start":{"line":24,"column":2},"end":{"line":33,"column":3}},"locations":[{"start":{"line":24,"column":2},"end":{"line":33,"column":3}}]},"3":{"type":"branch","line":27,"loc":{"start":{"line":27,"column":22},"end":{"line":33,"column":3}},"locations":[{"start":{"line":27,"column":22},"end":{"line":33,"column":3}}]},"4":{"type":"branch","line":26,"loc":{"start":{"line":26,"column":34},"end":{"line":26,"column":57}},"locations":[{"start":{"line":26,"column":34},"end":{"line":26,"column":57}}]},"5":{"type":"branch","line":35,"loc":{"start":{"line":35,"column":2},"end":{"line":44,"column":3}},"locations":[{"start":{"line":35,"column":2},"end":{"line":44,"column":3}}]},"6":{"type":"branch","line":43,"loc":{"start":{"line":43,"column":-1},"end":{"line":44,"column":3}},"locations":[{"start":{"line":43,"column":-1},"end":{"line":44,"column":3}}]},"7":{"type":"branch","line":38,"loc":{"start":{"line":38,"column":39},"end":{"line":38,"column":57}},"locations":[{"start":{"line":38,"column":39},"end":{"line":38,"column":57}}]},"8":{"type":"branch","line":46,"loc":{"start":{"line":46,"column":2},"end":{"line":50,"column":3}},"locations":[{"start":{"line":46,"column":2},"end":{"line":50,"column":3}}]},"9":{"type":"branch","line":49,"loc":{"start":{"line":49,"column":22},"end":{"line":49,"column":46}},"locations":[{"start":{"line":49,"column":22},"end":{"line":49,"column":46}}]},"10":{"type":"branch","line":52,"loc":{"start":{"line":52,"column":2},"end":{"line":54,"column":3}},"locations":[{"start":{"line":52,"column":2},"end":{"line":54,"column":3}}]},"11":{"type":"branch","line":56,"loc":{"start":{"line":56,"column":2},"end":{"line":63,"column":3}},"locations":[{"start":{"line":56,"column":2},"end":{"line":63,"column":3}}]},"12":{"type":"branch","line":62,"loc":{"start":{"line":62,"column":-1},"end":{"line":63,"column":3}},"locations":[{"start":{"line":62,"column":-1},"end":{"line":63,"column":3}}]},"13":{"type":"branch","line":58,"loc":{"start":{"line":58,"column":34},"end":{"line":58,"column":52}},"locations":[{"start":{"line":58,"column":34},"end":{"line":58,"column":52}}]},"14":{"type":"branch","line":65,"loc":{"start":{"line":65,"column":10},"end":{"line":68,"column":3}},"locations":[{"start":{"line":65,"column":10},"end":{"line":68,"column":3}}]},"15":{"type":"branch","line":70,"loc":{"start":{"line":70,"column":10},"end":{"line":72,"column":3}},"locations":[{"start":{"line":70,"column":10},"end":{"line":72,"column":3}}]}},"b":{"0":[19],"1":[4],"2":[4],"3":[2],"4":[10],"5":[2],"6":[0],"7":[6],"8":[8],"9":[17],"10":[8],"11":[1],"12":[0],"13":[2],"14":[27],"15":[8]},"fnMap":{"0":{"name":"TasksRepositoryInMemory","decl":{"start":{"line":11,"column":2},"end":{"line":14,"column":3}},"loc":{"start":{"line":11,"column":2},"end":{"line":14,"column":3}},"line":11},"1":{"name":"add","decl":{"start":{"line":16,"column":2},"end":{"line":22,"column":3}},"loc":{"start":{"line":16,"column":2},"end":{"line":22,"column":3}},"line":16},"2":{"name":"update","decl":{"start":{"line":24,"column":2},"end":{"line":33,"column":3}},"loc":{"start":{"line":24,"column":2},"end":{"line":33,"column":3}},"line":24},"3":{"name":"delete","decl":{"start":{"line":35,"column":2},"end":{"line":44,"column":3}},"loc":{"start":{"line":35,"column":2},"end":{"line":44,"column":3}},"line":35},"4":{"name":"exists","decl":{"start":{"line":46,"column":2},"end":{"line":50,"column":3}},"loc":{"start":{"line":46,"column":2},"end":{"line":50,"column":3}},"line":46},"5":{"name":"list","decl":{"start":{"line":52,"column":2},"end":{"line":54,"column":3}},"loc":{"start":{"line":52,"column":2},"end":{"line":54,"column":3}},"line":52},"6":{"name":"findTaskById","decl":{"start":{"line":56,"column":2},"end":{"line":63,"column":3}},"loc":{"start":{"line":56,"column":2},"end":{"line":63,"column":3}},"line":56},"7":{"name":"readTasksFromFile","decl":{"start":{"line":65,"column":10},"end":{"line":68,"column":3}},"loc":{"start":{"line":65,"column":10},"end":{"line":68,"column":3}},"line":65},"8":{"name":"writeTasksToFile","decl":{"start":{"line":70,"column":10},"end":{"line":72,"column":3}},"loc":{"start":{"line":70,"column":10},"end":{"line":72,"column":3}},"line":70}},"f":{"0":19,"1":4,"2":4,"3":2,"4":8,"5":8,"6":1,"7":27,"8":8}}
,"/Users/leandropassoslpkyrius/Projects/WebDev/skeletons/Factory-Dependency-Injection-UnitTests-E2ETests/src/routes/tasks/TaskController.ts": {"path":"/Users/leandropassoslpkyrius/Projects/WebDev/skeletons/Factory-Dependency-Injection-UnitTests-E2ETests/src/routes/tasks/TaskController.ts","all":false,"statementMap":{"0":{"start":{"line":1,"column":0},"end":{"line":1,"column":44}},"1":{"start":{"line":2,"column":0},"end":{"line":2,"column":57}},"2":{"start":{"line":3,"column":0},"end":{"line":3,"column":43}},"3":{"start":{"line":4,"column":0},"end":{"line":4,"column":0}},"4":{"start":{"line":5,"column":0},"end":{"line":5,"column":22}},"5":{"start":{"line":6,"column":0},"end":{"line":6,"column":50}},"6":{"start":{"line":7,"column":0},"end":{"line":7,"column":0}},"7":{"start":{"line":8,"column":0},"end":{"line":8,"column":50}},"8":{"start":{"line":9,"column":0},"end":{"line":9,"column":9}},"9":{"start":{"line":10,"column":0},"end":{"line":10,"column":43}},"10":{"start":{"line":11,"column":0},"end":{"line":11,"column":0}},"11":{"start":{"line":12,"column":0},"end":{"line":12,"column":36}},"12":{"start":{"line":13,"column":0},"end":{"line":13,"column":65}},"13":{"start":{"line":14,"column":0},"end":{"line":14,"column":38}},"14":{"start":{"line":15,"column":0},"end":{"line":15,"column":66}},"15":{"start":{"line":16,"column":0},"end":{"line":16,"column":0}},"16":{"start":{"line":17,"column":0},"end":{"line":17,"column":67}},"17":{"start":{"line":18,"column":0},"end":{"line":18,"column":0}},"18":{"start":{"line":19,"column":0},"end":{"line":19,"column":40}},"19":{"start":{"line":20,"column":0},"end":{"line":20,"column":26}},"20":{"start":{"line":21,"column":0},"end":{"line":21,"column":52}},"21":{"start":{"line":22,"column":0},"end":{"line":22,"column":70}},"22":{"start":{"line":23,"column":0},"end":{"line":23,"column":6}},"23":{"start":{"line":24,"column":0},"end":{"line":24,"column":3}},"24":{"start":{"line":25,"column":0},"end":{"line":25,"column":0}},"25":{"start":{"line":26,"column":0},"end":{"line":26,"column":52}},"26":{"start":{"line":27,"column":0},"end":{"line":27,"column":9}},"27":{"start":{"line":28,"column":0},"end":{"line":28,"column":49}},"28":{"start":{"line":29,"column":0},"end":{"line":29,"column":0}},"29":{"start":{"line":30,"column":0},"end":{"line":30,"column":40}},"30":{"start":{"line":31,"column":0},"end":{"line":31,"column":26}},"31":{"start":{"line":32,"column":0},"end":{"line":32,"column":54}},"32":{"start":{"line":33,"column":0},"end":{"line":33,"column":70}},"33":{"start":{"line":34,"column":0},"end":{"line":34,"column":5}},"34":{"start":{"line":35,"column":0},"end":{"line":35,"column":3}},"35":{"start":{"line":36,"column":0},"end":{"line":36,"column":0}},"36":{"start":{"line":37,"column":0},"end":{"line":37,"column":51}},"37":{"start":{"line":38,"column":0},"end":{"line":38,"column":9}},"38":{"start":{"line":39,"column":0},"end":{"line":39,"column":31}},"39":{"start":{"line":40,"column":0},"end":{"line":40,"column":14}},"40":{"start":{"line":41,"column":0},"end":{"line":41,"column":61}},"41":{"start":{"line":42,"column":0},"end":{"line":42,"column":0}},"42":{"start":{"line":43,"column":0},"end":{"line":43,"column":56}},"43":{"start":{"line":44,"column":0},"end":{"line":44,"column":21}},"44":{"start":{"line":45,"column":0},"end":{"line":45,"column":65}},"45":{"start":{"line":46,"column":0},"end":{"line":46,"column":6}},"46":{"start":{"line":47,"column":0},"end":{"line":47,"column":71}},"47":{"start":{"line":48,"column":0},"end":{"line":48,"column":26}},"48":{"start":{"line":49,"column":0},"end":{"line":49,"column":53}},"49":{"start":{"line":50,"column":0},"end":{"line":50,"column":73}},"50":{"start":{"line":51,"column":0},"end":{"line":51,"column":5}},"51":{"start":{"line":52,"column":0},"end":{"line":52,"column":3}},"52":{"start":{"line":53,"column":0},"end":{"line":53,"column":0}},"53":{"start":{"line":54,"column":0},"end":{"line":54,"column":53}},"54":{"start":{"line":55,"column":0},"end":{"line":55,"column":9}},"55":{"start":{"line":56,"column":0},"end":{"line":56,"column":42}},"56":{"start":{"line":57,"column":0},"end":{"line":57,"column":0}},"57":{"start":{"line":58,"column":0},"end":{"line":58,"column":50}},"58":{"start":{"line":59,"column":0},"end":{"line":59,"column":65}},"59":{"start":{"line":60,"column":0},"end":{"line":60,"column":51}},"60":{"start":{"line":61,"column":0},"end":{"line":61,"column":66}},"61":{"start":{"line":62,"column":0},"end":{"line":62,"column":0}},"62":{"start":{"line":63,"column":0},"end":{"line":63,"column":63}},"63":{"start":{"line":64,"column":0},"end":{"line":64,"column":6}},"64":{"start":{"line":65,"column":0},"end":{"line":65,"column":40}},"65":{"start":{"line":66,"column":0},"end":{"line":66,"column":26}},"66":{"start":{"line":67,"column":0},"end":{"line":67,"column":52}},"67":{"start":{"line":68,"column":0},"end":{"line":68,"column":65}},"68":{"start":{"line":69,"column":0},"end":{"line":69,"column":4}},"69":{"start":{"line":70,"column":0},"end":{"line":70,"column":55}},"70":{"start":{"line":71,"column":0},"end":{"line":71,"column":73}},"71":{"start":{"line":72,"column":0},"end":{"line":72,"column":5}},"72":{"start":{"line":73,"column":0},"end":{"line":73,"column":3}},"73":{"start":{"line":74,"column":0},"end":{"line":74,"column":0}},"74":{"start":{"line":75,"column":0},"end":{"line":75,"column":53}},"75":{"start":{"line":76,"column":0},"end":{"line":76,"column":9}},"76":{"start":{"line":77,"column":0},"end":{"line":77,"column":31}},"77":{"start":{"line":78,"column":0},"end":{"line":78,"column":46}},"78":{"start":{"line":79,"column":0},"end":{"line":79,"column":68}},"79":{"start":{"line":80,"column":0},"end":{"line":80,"column":6}},"80":{"start":{"line":81,"column":0},"end":{"line":81,"column":62}},"81":{"start":{"line":82,"column":0},"end":{"line":82,"column":23}},"82":{"start":{"line":83,"column":0},"end":{"line":83,"column":68}},"83":{"start":{"line":84,"column":0},"end":{"line":84,"column":0}},"84":{"start":{"line":85,"column":0},"end":{"line":85,"column":47}},"85":{"start":{"line":86,"column":0},"end":{"line":86,"column":26}},"86":{"start":{"line":87,"column":0},"end":{"line":87,"column":52}},"87":{"start":{"line":88,"column":0},"end":{"line":88,"column":63}},"88":{"start":{"line":89,"column":0},"end":{"line":89,"column":0}},"89":{"start":{"line":90,"column":0},"end":{"line":90,"column":55}},"90":{"start":{"line":91,"column":0},"end":{"line":91,"column":73}},"91":{"start":{"line":92,"column":0},"end":{"line":92,"column":5}},"92":{"start":{"line":93,"column":0},"end":{"line":93,"column":3}},"93":{"start":{"line":94,"column":0},"end":{"line":94,"column":0}},"94":{"start":{"line":95,"column":0},"end":{"line":95,"column":31}},"95":{"start":{"line":96,"column":0},"end":{"line":96,"column":9}},"96":{"start":{"line":97,"column":0},"end":{"line":97,"column":30}},"97":{"start":{"line":98,"column":0},"end":{"line":98,"column":112}},"98":{"start":{"line":99,"column":0},"end":{"line":99,"column":18}},"99":{"start":{"line":100,"column":0},"end":{"line":100,"column":23}},"100":{"start":{"line":101,"column":0},"end":{"line":101,"column":33}},"101":{"start":{"line":102,"column":0},"end":{"line":102,"column":23}},"102":{"start":{"line":103,"column":0},"end":{"line":103,"column":4}},"103":{"start":{"line":104,"column":0},"end":{"line":104,"column":19}},"104":{"start":{"line":105,"column":0},"end":{"line":105,"column":26}},"105":{"start":{"line":106,"column":0},"end":{"line":106,"column":52}},"106":{"start":{"line":107,"column":0},"end":{"line":107,"column":6}},"107":{"start":{"line":108,"column":0},"end":{"line":108,"column":3}},"108":{"start":{"line":109,"column":0},"end":{"line":109,"column":0}},"109":{"start":{"line":110,"column":0},"end":{"line":110,"column":33}},"110":{"start":{"line":111,"column":0},"end":{"line":111,"column":9}},"111":{"start":{"line":112,"column":0},"end":{"line":112,"column":70}},"112":{"start":{"line":113,"column":0},"end":{"line":113,"column":30}},"113":{"start":{"line":114,"column":0},"end":{"line":114,"column":37}},"114":{"start":{"line":115,"column":0},"end":{"line":115,"column":19}},"115":{"start":{"line":116,"column":0},"end":{"line":116,"column":23}},"116":{"start":{"line":117,"column":0},"end":{"line":117,"column":34}},"117":{"start":{"line":118,"column":0},"end":{"line":118,"column":23}},"118":{"start":{"line":119,"column":0},"end":{"line":119,"column":4}},"119":{"start":{"line":120,"column":0},"end":{"line":120,"column":19}},"120":{"start":{"line":121,"column":0},"end":{"line":121,"column":26}},"121":{"start":{"line":122,"column":0},"end":{"line":122,"column":52}},"122":{"start":{"line":123,"column":0},"end":{"line":123,"column":7}},"123":{"start":{"line":124,"column":0},"end":{"line":124,"column":3}},"124":{"start":{"line":125,"column":0},"end":{"line":125,"column":1}},"125":{"start":{"line":126,"column":0},"end":{"line":126,"column":0}},"126":{"start":{"line":127,"column":0},"end":{"line":127,"column":26}}},"s":{"0":1,"1":1,"2":1,"3":1,"4":1,"5":1,"6":1,"7":1,"8":4,"9":4,"10":4,"11":4,"12":4,"13":2,"14":4,"15":1,"16":1,"17":1,"18":1,"19":4,"20":0,"21":0,"22":4,"23":4,"24":1,"25":1,"26":7,"27":7,"28":7,"29":7,"30":7,"31":0,"32":0,"33":0,"34":7,"35":1,"36":1,"37":2,"38":2,"39":2,"40":2,"41":2,"42":2,"43":2,"44":2,"45":1,"46":1,"47":2,"48":0,"49":0,"50":0,"51":2,"52":1,"53":1,"54":3,"55":3,"56":3,"57":3,"58":3,"59":3,"60":3,"61":2,"62":2,"63":1,"64":1,"65":1,"66":1,"67":1,"68":0,"69":0,"70":0,"71":0,"72":3,"73":1,"74":1,"75":2,"76":2,"77":2,"78":2,"79":1,"80":1,"81":1,"82":2,"83":1,"84":1,"85":2,"86":0,"87":0,"88":0,"89":0,"90":0,"91":0,"92":2,"93":1,"94":1,"95":7,"96":7,"97":7,"98":7,"99":7,"100":6,"101":7,"102":1,"103":1,"104":7,"105":0,"106":7,"107":7,"108":1,"109":1,"110":5,"111":5,"112":5,"113":5,"114":5,"115":5,"116":4,"117":5,"118":1,"119":1,"120":5,"121":0,"122":5,"123":5,"124":1,"125":1,"126":1},"branchMap":{"0":{"type":"branch","line":6,"loc":{"start":{"line":6,"column":2},"end":{"line":6,"column":50}},"locations":[{"start":{"line":6,"column":2},"end":{"line":6,"column":50}}]},"1":{"type":"branch","line":8,"loc":{"start":{"line":8,"column":2},"end":{"line":24,"column":3}},"locations":[{"start":{"line":8,"column":2},"end":{"line":24,"column":3}}]},"2":{"type":"branch","line":13,"loc":{"start":{"line":13,"column":8},"end":{"line":15,"column":15}},"locations":[{"start":{"line":13,"column":8},"end":{"line":15,"column":15}}]},"3":{"type":"branch","line":15,"loc":{"start":{"line":15,"column":8},"end":{"line":20,"column":13}},"locations":[{"start":{"line":15,"column":8},"end":{"line":20,"column":13}}]},"4":{"type":"branch","line":20,"loc":{"start":{"line":20,"column":6},"end":{"line":23,"column":5}},"locations":[{"start":{"line":20,"column":6},"end":{"line":23,"column":5}}]},"5":{"type":"branch","line":26,"loc":{"start":{"line":26,"column":2},"end":{"line":35,"column":3}},"locations":[{"start":{"line":26,"column":2},"end":{"line":35,"column":3}}]},"6":{"type":"branch","line":31,"loc":{"start":{"line":31,"column":6},"end":{"line":34,"column":5}},"locations":[{"start":{"line":31,"column":6},"end":{"line":34,"column":5}}]},"7":{"type":"branch","line":37,"loc":{"start":{"line":37,"column":2},"end":{"line":52,"column":3}},"locations":[{"start":{"line":37,"column":2},"end":{"line":52,"column":3}}]},"8":{"type":"branch","line":41,"loc":{"start":{"line":41,"column":8},"end":{"line":41,"column":61}},"locations":[{"start":{"line":41,"column":8},"end":{"line":41,"column":61}}]},"9":{"type":"branch","line":45,"loc":{"start":{"line":45,"column":8},"end":{"line":48,"column":13}},"locations":[{"start":{"line":45,"column":8},"end":{"line":48,"column":13}}]},"10":{"type":"branch","line":48,"loc":{"start":{"line":48,"column":6},"end":{"line":51,"column":5}},"locations":[{"start":{"line":48,"column":6},"end":{"line":51,"column":5}}]},"11":{"type":"branch","line":54,"loc":{"start":{"line":54,"column":2},"end":{"line":73,"column":3}},"locations":[{"start":{"line":54,"column":2},"end":{"line":73,"column":3}}]},"12":{"type":"branch","line":59,"loc":{"start":{"line":59,"column":8},"end":{"line":59,"column":65}},"locations":[{"start":{"line":59,"column":8},"end":{"line":59,"column":65}}]},"13":{"type":"branch","line":61,"loc":{"start":{"line":61,"column":8},"end":{"line":61,"column":66}},"locations":[{"start":{"line":61,"column":8},"end":{"line":61,"column":66}}]},"14":{"type":"branch","line":62,"loc":{"start":{"line":62,"column":-1},"end":{"line":63,"column":63}},"locations":[{"start":{"line":62,"column":-1},"end":{"line":63,"column":63}}]},"15":{"type":"branch","line":64,"loc":{"start":{"line":64,"column":-1},"end":{"line":72,"column":5}},"locations":[{"start":{"line":64,"column":-1},"end":{"line":72,"column":5}}]},"16":{"type":"branch","line":69,"loc":{"start":{"line":69,"column":-1},"end":{"line":72,"column":5}},"locations":[{"start":{"line":69,"column":-1},"end":{"line":72,"column":5}}]},"17":{"type":"branch","line":75,"loc":{"start":{"line":75,"column":2},"end":{"line":93,"column":3}},"locations":[{"start":{"line":75,"column":2},"end":{"line":93,"column":3}}]},"18":{"type":"branch","line":79,"loc":{"start":{"line":79,"column":8},"end":{"line":83,"column":15}},"locations":[{"start":{"line":79,"column":8},"end":{"line":83,"column":15}}]},"19":{"type":"branch","line":83,"loc":{"start":{"line":83,"column":8},"end":{"line":83,"column":68}},"locations":[{"start":{"line":83,"column":8},"end":{"line":83,"column":68}}]},"20":{"type":"branch","line":84,"loc":{"start":{"line":84,"column":-1},"end":{"line":86,"column":13}},"locations":[{"start":{"line":84,"column":-1},"end":{"line":86,"column":13}}]},"21":{"type":"branch","line":86,"loc":{"start":{"line":86,"column":6},"end":{"line":92,"column":5}},"locations":[{"start":{"line":86,"column":6},"end":{"line":92,"column":5}}]},"22":{"type":"branch","line":95,"loc":{"start":{"line":95,"column":2},"end":{"line":108,"column":3}},"locations":[{"start":{"line":95,"column":2},"end":{"line":108,"column":3}}]},"23":{"type":"branch","line":100,"loc":{"start":{"line":100,"column":10},"end":{"line":100,"column":23}},"locations":[{"start":{"line":100,"column":10},"end":{"line":100,"column":23}}]},"24":{"type":"branch","line":101,"loc":{"start":{"line":101,"column":-1},"end":{"line":102,"column":17}},"locations":[{"start":{"line":101,"column":-1},"end":{"line":102,"column":17}}]},"25":{"type":"branch","line":102,"loc":{"start":{"line":102,"column":10},"end":{"line":102,"column":22}},"locations":[{"start":{"line":102,"column":10},"end":{"line":102,"column":22}}]},"26":{"type":"branch","line":102,"loc":{"start":{"line":102,"column":22},"end":{"line":105,"column":13}},"locations":[{"start":{"line":102,"column":22},"end":{"line":105,"column":13}}]},"27":{"type":"branch","line":105,"loc":{"start":{"line":105,"column":6},"end":{"line":107,"column":5}},"locations":[{"start":{"line":105,"column":6},"end":{"line":107,"column":5}}]},"28":{"type":"branch","line":110,"loc":{"start":{"line":110,"column":2},"end":{"line":124,"column":3}},"locations":[{"start":{"line":110,"column":2},"end":{"line":124,"column":3}}]},"29":{"type":"branch","line":116,"loc":{"start":{"line":116,"column":10},"end":{"line":116,"column":23}},"locations":[{"start":{"line":116,"column":10},"end":{"line":116,"column":23}}]},"30":{"type":"branch","line":117,"loc":{"start":{"line":117,"column":-1},"end":{"line":118,"column":17}},"locations":[{"start":{"line":117,"column":-1},"end":{"line":118,"column":17}}]},"31":{"type":"branch","line":118,"loc":{"start":{"line":118,"column":10},"end":{"line":118,"column":22}},"locations":[{"start":{"line":118,"column":10},"end":{"line":118,"column":22}}]},"32":{"type":"branch","line":118,"loc":{"start":{"line":118,"column":22},"end":{"line":121,"column":13}},"locations":[{"start":{"line":118,"column":22},"end":{"line":121,"column":13}}]},"33":{"type":"branch","line":121,"loc":{"start":{"line":121,"column":6},"end":{"line":123,"column":5}},"locations":[{"start":{"line":121,"column":6},"end":{"line":123,"column":5}}]}},"b":{"0":[18],"1":[4],"2":[2],"3":[1],"4":[0],"5":[7],"6":[0],"7":[2],"8":[0],"9":[1],"10":[0],"11":[3],"12":[0],"13":[1],"14":[2],"15":[1],"16":[0],"17":[2],"18":[1],"19":[0],"20":[1],"21":[0],"22":[7],"23":[1],"24":[6],"25":[5],"26":[1],"27":[0],"28":[5],"29":[1],"30":[4],"31":[3],"32":[1],"33":[0]},"fnMap":{"0":{"name":"TaskController","decl":{"start":{"line":6,"column":2},"end":{"line":6,"column":50}},"loc":{"start":{"line":6,"column":2},"end":{"line":6,"column":50}},"line":6},"1":{"name":"httpAddTask","decl":{"start":{"line":8,"column":2},"end":{"line":24,"column":3}},"loc":{"start":{"line":8,"column":2},"end":{"line":24,"column":3}},"line":8},"2":{"name":"httpListTasks","decl":{"start":{"line":26,"column":2},"end":{"line":35,"column":3}},"loc":{"start":{"line":26,"column":2},"end":{"line":35,"column":3}},"line":26},"3":{"name":"httpFindById","decl":{"start":{"line":37,"column":2},"end":{"line":52,"column":3}},"loc":{"start":{"line":37,"column":2},"end":{"line":52,"column":3}},"line":37},"4":{"name":"httpUpdateTask","decl":{"start":{"line":54,"column":2},"end":{"line":73,"column":3}},"loc":{"start":{"line":54,"column":2},"end":{"line":73,"column":3}},"line":54},"5":{"name":"httpDeleteTask","decl":{"start":{"line":75,"column":2},"end":{"line":93,"column":3}},"loc":{"start":{"line":75,"column":2},"end":{"line":93,"column":3}},"line":75},"6":{"name":"checkUserId","decl":{"start":{"line":95,"column":2},"end":{"line":108,"column":3}},"loc":{"start":{"line":95,"column":2},"end":{"line":108,"column":3}},"line":95},"7":{"name":"checkSummary","decl":{"start":{"line":110,"column":2},"end":{"line":124,"column":3}},"loc":{"start":{"line":110,"column":2},"end":{"line":124,"column":3}},"line":110}},"f":{"0":18,"1":4,"2":7,"3":2,"4":3,"5":2,"6":7,"7":5}}
,"/Users/leandropassoslpkyrius/Projects/WebDev/skeletons/Factory-Dependency-Injection-UnitTests-E2ETests/src/routes/tasks/tasks.router.ts": {"path":"/Users/leandropassoslpkyrius/Projects/WebDev/skeletons/Factory-Dependency-Injection-UnitTests-E2ETests/src/routes/tasks/tasks.router.ts","all":false,"statementMap":{"0":{"start":{"line":1,"column":0},"end":{"line":1,"column":52}},"1":{"start":{"line":2,"column":0},"end":{"line":2,"column":52}},"2":{"start":{"line":3,"column":0},"end":{"line":3,"column":0}},"3":{"start":{"line":4,"column":0},"end":{"line":4,"column":29}},"4":{"start":{"line":5,"column":0},"end":{"line":5,"column":0}},"5":{"start":{"line":6,"column":0},"end":{"line":6,"column":33}},"6":{"start":{"line":7,"column":0},"end":{"line":7,"column":46}},"7":{"start":{"line":8,"column":0},"end":{"line":8,"column":1}},"8":{"start":{"line":9,"column":0},"end":{"line":9,"column":0}},"9":{"start":{"line":10,"column":0},"end":{"line":10,"column":120}},"10":{"start":{"line":11,"column":0},"end":{"line":11,"column":122}},"11":{"start":{"line":12,"column":0},"end":{"line":12,"column":130}},"12":{"start":{"line":13,"column":0},"end":{"line":13,"column":132}},"13":{"start":{"line":14,"column":0},"end":{"line":14,"column":132}},"14":{"start":{"line":15,"column":0},"end":{"line":15,"column":0}},"15":{"start":{"line":16,"column":0},"end":{"line":16,"column":27}}},"s":{"0":1,"1":1,"2":1,"3":1,"4":1,"5":1,"6":18,"7":18,"8":1,"9":1,"10":1,"11":1,"12":1,"13":1,"14":1,"15":1},"branchMap":{"0":{"type":"branch","line":6,"loc":{"start":{"line":6,"column":20},"end":{"line":8,"column":1}},"locations":[{"start":{"line":6,"column":20},"end":{"line":8,"column":1}}]},"1":{"type":"branch","line":10,"loc":{"start":{"line":10,"column":30},"end":{"line":10,"column":118}},"locations":[{"start":{"line":10,"column":30},"end":{"line":10,"column":118}}]},"2":{"type":"branch","line":11,"loc":{"start":{"line":11,"column":30},"end":{"line":11,"column":120}},"locations":[{"start":{"line":11,"column":30},"end":{"line":11,"column":120}}]},"3":{"type":"branch","line":12,"loc":{"start":{"line":12,"column":39},"end":{"line":12,"column":128}},"locations":[{"start":{"line":12,"column":39},"end":{"line":12,"column":128}}]},"4":{"type":"branch","line":13,"loc":{"start":{"line":13,"column":39},"end":{"line":13,"column":130}},"locations":[{"start":{"line":13,"column":39},"end":{"line":13,"column":130}}]},"5":{"type":"branch","line":14,"loc":{"start":{"line":14,"column":39},"end":{"line":14,"column":130}},"locations":[{"start":{"line":14,"column":39},"end":{"line":14,"column":130}}]}},"b":{"0":[18],"1":[4],"2":[7],"3":[2],"4":[3],"5":[2]},"fnMap":{"0":{"name":"taskFactory","decl":{"start":{"line":6,"column":20},"end":{"line":8,"column":1}},"loc":{"start":{"line":6,"column":20},"end":{"line":8,"column":1}},"line":6}},"f":{"0":18}}
,"/Users/leandropassoslpkyrius/Projects/WebDev/skeletons/Factory-Dependency-Injection-UnitTests-E2ETests/src/services/TaskService.ts": {"path":"/Users/leandropassoslpkyrius/Projects/WebDev/skeletons/Factory-Dependency-Injection-UnitTests-E2ETests/src/services/TaskService.ts","all":false,"statementMap":{"0":{"start":{"line":1,"column":0},"end":{"line":1,"column":40}},"1":{"start":{"line":2,"column":0},"end":{"line":2,"column":63}},"2":{"start":{"line":3,"column":0},"end":{"line":3,"column":0}},"3":{"start":{"line":4,"column":0},"end":{"line":4,"column":27}},"4":{"start":{"line":5,"column":0},"end":{"line":5,"column":17}},"5":{"start":{"line":6,"column":0},"end":{"line":6,"column":18}},"6":{"start":{"line":7,"column":0},"end":{"line":7,"column":2}},"7":{"start":{"line":8,"column":0},"end":{"line":8,"column":28}},"8":{"start":{"line":9,"column":0},"end":{"line":9,"column":13}},"9":{"start":{"line":10,"column":0},"end":{"line":10,"column":18}},"10":{"start":{"line":11,"column":0},"end":{"line":11,"column":2}},"11":{"start":{"line":12,"column":0},"end":{"line":12,"column":19}},"12":{"start":{"line":13,"column":0},"end":{"line":13,"column":57}},"13":{"start":{"line":14,"column":0},"end":{"line":14,"column":0}},"14":{"start":{"line":15,"column":0},"end":{"line":15,"column":51}},"15":{"start":{"line":16,"column":0},"end":{"line":16,"column":43}},"16":{"start":{"line":17,"column":0},"end":{"line":17,"column":53}},"17":{"start":{"line":18,"column":0},"end":{"line":18,"column":3}},"18":{"start":{"line":19,"column":0},"end":{"line":19,"column":0}},"19":{"start":{"line":20,"column":0},"end":{"line":20,"column":51}},"20":{"start":{"line":21,"column":0},"end":{"line":21,"column":60}},"21":{"start":{"line":22,"column":0},"end":{"line":22,"column":3}},"22":{"start":{"line":23,"column":0},"end":{"line":23,"column":0}},"23":{"start":{"line":24,"column":0},"end":{"line":24,"column":46}},"24":{"start":{"line":25,"column":0},"end":{"line":25,"column":48}},"25":{"start":{"line":26,"column":0},"end":{"line":26,"column":3}},"26":{"start":{"line":27,"column":0},"end":{"line":27,"column":0}},"27":{"start":{"line":28,"column":0},"end":{"line":28,"column":33}},"28":{"start":{"line":29,"column":0},"end":{"line":29,"column":44}},"29":{"start":{"line":30,"column":0},"end":{"line":30,"column":3}},"30":{"start":{"line":31,"column":0},"end":{"line":31,"column":0}},"31":{"start":{"line":32,"column":0},"end":{"line":32,"column":45}},"32":{"start":{"line":33,"column":0},"end":{"line":33,"column":54}},"33":{"start":{"line":34,"column":0},"end":{"line":34,"column":3}},"34":{"start":{"line":35,"column":0},"end":{"line":35,"column":0}},"35":{"start":{"line":36,"column":0},"end":{"line":36,"column":45}},"36":{"start":{"line":37,"column":0},"end":{"line":37,"column":48}},"37":{"start":{"line":38,"column":0},"end":{"line":38,"column":3}},"38":{"start":{"line":39,"column":0},"end":{"line":39,"column":0}},"39":{"start":{"line":40,"column":0},"end":{"line":40,"column":1}},"40":{"start":{"line":41,"column":0},"end":{"line":41,"column":0}},"41":{"start":{"line":42,"column":0},"end":{"line":42,"column":9}},"42":{"start":{"line":43,"column":0},"end":{"line":43,"column":14}},"43":{"start":{"line":44,"column":0},"end":{"line":44,"column":3}}},"s":{"0":1,"1":1,"2":1,"3":1,"4":1,"5":1,"6":1,"7":1,"8":1,"9":1,"10":1,"11":1,"12":1,"13":1,"14":1,"15":4,"16":4,"17":4,"18":1,"19":1,"20":4,"21":4,"22":1,"23":1,"24":2,"25":2,"26":1,"27":1,"28":8,"29":8,"30":1,"31":1,"32":1,"33":1,"34":1,"35":1,"36":8,"37":8,"38":1,"39":1,"40":1,"41":1,"42":1,"43":1},"branchMap":{"0":{"type":"branch","line":13,"loc":{"start":{"line":13,"column":2},"end":{"line":13,"column":57}},"locations":[{"start":{"line":13,"column":2},"end":{"line":13,"column":57}}]},"1":{"type":"branch","line":15,"loc":{"start":{"line":15,"column":2},"end":{"line":18,"column":3}},"locations":[{"start":{"line":15,"column":2},"end":{"line":18,"column":3}}]},"2":{"type":"branch","line":20,"loc":{"start":{"line":20,"column":2},"end":{"line":22,"column":3}},"locations":[{"start":{"line":20,"column":2},"end":{"line":22,"column":3}}]},"3":{"type":"branch","line":24,"loc":{"start":{"line":24,"column":2},"end":{"line":26,"column":3}},"locations":[{"start":{"line":24,"column":2},"end":{"line":26,"column":3}}]},"4":{"type":"branch","line":28,"loc":{"start":{"line":28,"column":2},"end":{"line":30,"column":3}},"locations":[{"start":{"line":28,"column":2},"end":{"line":30,"column":3}}]},"5":{"type":"branch","line":32,"loc":{"start":{"line":32,"column":2},"end":{"line":34,"column":3}},"locations":[{"start":{"line":32,"column":2},"end":{"line":34,"column":3}}]},"6":{"type":"branch","line":36,"loc":{"start":{"line":36,"column":2},"end":{"line":38,"column":3}},"locations":[{"start":{"line":36,"column":2},"end":{"line":38,"column":3}}]}},"b":{"0":[19],"1":[4],"2":[4],"3":[2],"4":[8],"5":[1],"6":[8]},"fnMap":{"0":{"name":"TaskService","decl":{"start":{"line":13,"column":2},"end":{"line":13,"column":57}},"loc":{"start":{"line":13,"column":2},"end":{"line":13,"column":57}},"line":13},"1":{"name":"add","decl":{"start":{"line":15,"column":2},"end":{"line":18,"column":3}},"loc":{"start":{"line":15,"column":2},"end":{"line":18,"column":3}},"line":15},"2":{"name":"update","decl":{"start":{"line":20,"column":2},"end":{"line":22,"column":3}},"loc":{"start":{"line":20,"column":2},"end":{"line":22,"column":3}},"line":20},"3":{"name":"delete","decl":{"start":{"line":24,"column":2},"end":{"line":26,"column":3}},"loc":{"start":{"line":24,"column":2},"end":{"line":26,"column":3}},"line":24},"4":{"name":"list","decl":{"start":{"line":28,"column":2},"end":{"line":30,"column":3}},"loc":{"start":{"line":28,"column":2},"end":{"line":30,"column":3}},"line":28},"5":{"name":"findById","decl":{"start":{"line":32,"column":2},"end":{"line":34,"column":3}},"loc":{"start":{"line":32,"column":2},"end":{"line":34,"column":3}},"line":32},"6":{"name":"exist","decl":{"start":{"line":36,"column":2},"end":{"line":38,"column":3}},"loc":{"start":{"line":36,"column":2},"end":{"line":38,"column":3}},"line":36}},"f":{"0":19,"1":4,"2":4,"3":2,"4":8,"5":1,"6":8}}
}
