TN:
SF:src/e2e-tests/mockedTasks.ts
FNF:0
FNH:0
DA:1,1
DA:2,1
DA:3,1
DA:4,1
DA:5,1
DA:6,1
DA:7,1
DA:8,1
DA:9,1
DA:10,1
DA:11,1
DA:12,1
DA:13,1
DA:14,1
DA:15,1
DA:16,1
DA:17,1
DA:18,1
LF:18
LH:18
BRF:0
BRH:0
end_of_record
TN:
SF:src/entities/Task.ts
FN:7,Task
FN:14,create
FNF:2
FNH:2
FNDA:3,Task
FNDA:3,create
DA:1,1
DA:2,1
DA:3,1
DA:4,1
DA:5,1
DA:6,1
DA:7,1
DA:8,3
DA:9,3
DA:10,3
DA:11,3
DA:12,3
DA:13,1
DA:14,1
DA:15,3
DA:16,3
DA:17,3
DA:18,1
DA:19,1
DA:20,1
LF:20
LH:20
BRDA:7,0,0,3
BRDA:14,1,0,3
BRF:2
BRH:2
end_of_record
TN:
SF:src/factory/TaskFactory.ts
FN:10,createInstance
FNF:1
FNH:1
FNDA:1,createInstance
DA:1,1
DA:2,1
DA:3,1
DA:4,1
DA:5,1
DA:6,1
DA:7,1
DA:8,1
DA:9,1
DA:10,1
DA:11,1
DA:12,1
DA:13,1
DA:14,1
DA:15,1
DA:16,1
DA:17,1
DA:18,1
LF:18
LH:18
BRDA:10,0,0,1
BRF:1
BRH:1
end_of_record
TN:
SF:src/repository/in-memory/TasksRepositoryInMemory.ts
FN:6,TasksRepositoryInMemory
FN:31,add
FN:41,update
FN:50,delete
FN:56,exists
FN:60,list
FNF:6
FNH:6
FNDA:2,TasksRepositoryInMemory
FNDA:3,add
FNDA:2,update
FNDA:1,delete
FNDA:4,exists
FNDA:2,list
DA:1,1
DA:2,1
DA:3,1
DA:4,1
DA:5,1
DA:6,2
DA:7,2
DA:8,2
DA:9,2
DA:10,2
DA:11,2
DA:12,2
DA:13,2
DA:14,2
DA:15,2
DA:16,2
DA:17,2
DA:18,2
DA:19,2
DA:20,2
DA:21,2
DA:22,2
DA:23,2
DA:24,2
DA:25,2
DA:26,2
DA:27,2
DA:28,2
DA:29,2
DA:30,2
DA:31,2
DA:32,3
DA:33,3
DA:34,3
DA:35,3
DA:36,3
DA:37,3
DA:38,3
DA:39,3
DA:40,2
DA:41,2
DA:42,2
DA:43,2
DA:44,1
DA:45,1
DA:46,1
DA:47,1
DA:48,1
DA:49,2
DA:50,2
DA:51,1
DA:52,1
DA:53,1
DA:54,1
DA:55,2
DA:56,2
DA:57,4
DA:58,4
DA:59,2
DA:60,2
DA:61,2
DA:62,2
DA:63,2
DA:64,1
DA:65,1
LF:65
LH:65
BRDA:6,0,0,2
BRDA:31,1,0,3
BRDA:41,2,0,2
BRDA:43,3,0,1
BRDA:42,4,0,8
BRDA:50,5,0,1
BRDA:52,6,0,5
BRDA:56,7,0,4
BRDA:57,8,0,10
BRDA:60,9,0,2
BRDA:61,10,0,0
BRF:11
BRH:10
end_of_record
TN:
SF:src/routes/tasks/TaskController.ts
FN:6,TaskController
FN:8,httpAddTask
FN:15,httpListTasks
FN:22,httpUpdateTask
FN:35,httpDeleteTask
FNF:5
FNH:2
FNDA:1,TaskController
FNDA:0,httpAddTask
FNDA:1,httpListTasks
FNDA:0,httpUpdateTask
FNDA:0,httpDeleteTask
DA:1,1
DA:2,1
DA:3,1
DA:4,1
DA:5,1
DA:6,1
DA:7,1
DA:8,1
DA:9,0
DA:10,0
DA:11,0
DA:12,0
DA:13,0
DA:14,1
DA:15,1
DA:16,1
DA:17,1
DA:18,1
DA:19,1
DA:20,1
DA:21,1
DA:22,1
DA:23,0
DA:24,0
DA:25,0
DA:26,0
DA:27,0
DA:28,0
DA:29,0
DA:30,0
DA:31,0
DA:32,0
DA:33,0
DA:34,1
DA:35,1
DA:36,0
DA:37,0
DA:38,0
DA:39,0
DA:40,0
DA:41,1
DA:42,1
DA:43,1
LF:43
LH:22
BRDA:6,0,0,1
BRDA:15,1,0,1
BRF:2
BRH:2
end_of_record
TN:
SF:src/routes/tasks/tasks.router.ts
FN:6,maintenanceTaskFactory
FNF:1
FNH:1
FNDA:1,maintenanceTaskFactory
DA:1,1
DA:2,1
DA:3,1
DA:4,1
DA:5,1
DA:6,1
DA:7,1
DA:8,1
DA:9,1
DA:10,1
DA:11,1
DA:12,1
DA:13,1
DA:14,1
DA:15,1
DA:16,1
DA:17,1
DA:18,1
DA:19,1
LF:19
LH:19
BRDA:6,0,0,1
BRDA:10,1,0,1
BRF:2
BRH:2
end_of_record
TN:
SF:src/services/TaskService.ts
FN:13,TaskService
FN:15,add
FN:21,update
FN:26,delete
FN:31,list
FN:35,exist
FNF:6
FNH:6
FNDA:2,TaskService
FNDA:3,add
FNDA:2,update
FNDA:1,delete
FNDA:2,list
FNDA:4,exist
DA:1,1
DA:2,1
DA:3,1
DA:4,1
DA:5,1
DA:6,1
DA:7,1
DA:8,1
DA:9,1
DA:10,1
DA:11,1
DA:12,1
DA:13,1
DA:14,1
DA:15,1
DA:16,3
DA:17,3
DA:18,3
DA:19,3
DA:20,1
DA:21,1
DA:22,2
DA:23,2
DA:24,2
DA:25,1
DA:26,1
DA:27,1
DA:28,1
DA:29,1
DA:30,1
DA:31,1
DA:32,2
DA:33,2
DA:34,1
DA:35,1
DA:36,4
DA:37,4
DA:38,1
DA:39,1
DA:40,1
DA:41,1
DA:42,1
DA:43,1
LF:43
LH:43
BRDA:13,0,0,2
BRDA:15,1,0,3
BRDA:21,2,0,2
BRDA:26,3,0,1
BRDA:31,4,0,2
BRDA:35,5,0,4
BRF:6
BRH:6
end_of_record
