TN:
SF:src/e2e-tests/mockedTasks.ts
FNF:0
FNH:0
DA:1,1
DA:2,1
DA:3,1
DA:4,1
DA:5,1
DA:6,1
DA:7,1
DA:8,1
DA:9,1
DA:10,1
DA:11,1
DA:12,1
DA:13,1
DA:14,1
DA:15,1
DA:16,1
DA:17,1
DA:18,1
LF:18
LH:18
BRF:0
BRH:0
end_of_record
TN:
SF:src/factory/TaskFactory.ts
FN:6,createInstance
FNF:1
FNH:1
FNDA:18,createInstance
DA:1,1
DA:2,1
DA:3,1
DA:4,1
DA:5,1
DA:6,1
DA:7,18
DA:8,18
DA:9,18
DA:10,18
DA:11,18
DA:12,18
DA:13,1
LF:13
LH:13
BRDA:6,0,0,18
BRF:1
BRH:1
end_of_record
TN:
SF:src/repository/in-memory/ManageTaskTestFile.ts
FN:8,ManageTaskTestFile
FN:12,newFile
FN:23,getFile
FN:27,resetFile
FN:32,deleteFile
FNF:5
FNH:5
FNDA:20,ManageTaskTestFile
FNDA:22,newFile
FNDA:20,getFile
FNDA:2,resetFile
FNDA:2,deleteFile
DA:1,1
DA:2,1
DA:3,1
DA:4,1
DA:5,1
DA:6,1
DA:7,1
DA:8,1
DA:9,20
DA:10,20
DA:11,1
DA:12,1
DA:13,22
DA:14,22
DA:15,2
DA:16,2
DA:17,22
DA:18,0
DA:19,0
DA:20,0
DA:21,22
DA:22,1
DA:23,1
DA:24,20
DA:25,20
DA:26,1
DA:27,1
DA:28,2
DA:29,2
DA:30,2
DA:31,1
DA:32,1
DA:33,2
DA:34,2
DA:35,2
DA:36,0
DA:37,0
DA:38,0
DA:39,2
DA:40,1
DA:41,1
DA:42,1
LF:42
LH:36
BRDA:8,0,0,20
BRDA:12,1,0,22
BRDA:14,2,0,2
BRDA:17,3,0,0
BRDA:23,4,0,20
BRDA:27,5,0,2
BRDA:32,6,0,2
BRDA:35,7,0,0
BRF:8
BRH:6
end_of_record
TN:
SF:src/repository/in-memory/TasksRepositoryInMemory.ts
FN:11,TasksRepositoryInMemory
FN:16,add
FN:24,update
FN:35,delete
FN:46,exists
FN:52,list
FN:56,findTaskById
FN:65,readTasksFromFile
FN:70,writeTasksToFile
FNF:9
FNH:9
FNDA:19,TasksRepositoryInMemory
FNDA:4,add
FNDA:4,update
FNDA:2,delete
FNDA:8,exists
FNDA:8,list
FNDA:1,findTaskById
FNDA:27,readTasksFromFile
FNDA:8,writeTasksToFile
DA:1,1
DA:2,1
DA:3,1
DA:4,1
DA:5,1
DA:6,1
DA:7,1
DA:8,1
DA:9,1
DA:10,1
DA:11,1
DA:12,19
DA:13,19
DA:14,19
DA:15,1
DA:16,1
DA:17,4
DA:18,4
DA:19,4
DA:20,4
DA:21,4
DA:22,4
DA:23,1
DA:24,1
DA:25,4
DA:26,4
DA:27,4
DA:28,2
DA:29,2
DA:30,2
DA:31,2
DA:32,2
DA:33,2
DA:34,1
DA:35,1
DA:36,2
DA:37,2
DA:38,2
DA:39,2
DA:40,2
DA:41,2
DA:42,2
DA:43,0
DA:44,0
DA:45,1
DA:46,1
DA:47,8
DA:48,8
DA:49,8
DA:50,8
DA:51,1
DA:52,1
DA:53,8
DA:54,8
DA:55,1
DA:56,1
DA:57,1
DA:58,1
DA:59,1
DA:60,1
DA:61,1
DA:62,0
DA:63,0
DA:64,1
DA:65,1
DA:66,27
DA:67,27
DA:68,27
DA:69,1
DA:70,1
DA:71,8
DA:72,8
DA:73,1
DA:74,1
DA:75,1
LF:75
LH:71
BRDA:11,0,0,19
BRDA:16,1,0,4
BRDA:24,2,0,4
BRDA:27,3,0,2
BRDA:26,4,0,10
BRDA:35,5,0,2
BRDA:43,6,0,0
BRDA:38,7,0,6
BRDA:46,8,0,8
BRDA:49,9,0,17
BRDA:52,10,0,8
BRDA:56,11,0,1
BRDA:62,12,0,0
BRDA:58,13,0,2
BRDA:65,14,0,27
BRDA:70,15,0,8
BRF:16
BRH:14
end_of_record
TN:
SF:src/routes/tasks/TaskController.ts
FN:6,TaskController
FN:8,httpAddTask
FN:26,httpListTasks
FN:37,httpFindById
FN:54,httpUpdateTask
FN:75,httpDeleteTask
FN:95,checkUserId
FN:110,checkSummary
FNF:8
FNH:8
FNDA:18,TaskController
FNDA:4,httpAddTask
FNDA:7,httpListTasks
FNDA:2,httpFindById
FNDA:3,httpUpdateTask
FNDA:2,httpDeleteTask
FNDA:7,checkUserId
FNDA:5,checkSummary
DA:1,1
DA:2,1
DA:3,1
DA:4,1
DA:5,1
DA:6,1
DA:7,1
DA:8,1
DA:9,4
DA:10,4
DA:11,4
DA:12,4
DA:13,4
DA:14,2
DA:15,4
DA:16,1
DA:17,1
DA:18,1
DA:19,1
DA:20,4
DA:21,0
DA:22,0
DA:23,4
DA:24,4
DA:25,1
DA:26,1
DA:27,7
DA:28,7
DA:29,7
DA:30,7
DA:31,7
DA:32,0
DA:33,0
DA:34,0
DA:35,7
DA:36,1
DA:37,1
DA:38,2
DA:39,2
DA:40,2
DA:41,2
DA:42,2
DA:43,2
DA:44,2
DA:45,2
DA:46,1
DA:47,1
DA:48,2
DA:49,0
DA:50,0
DA:51,0
DA:52,2
DA:53,1
DA:54,1
DA:55,3
DA:56,3
DA:57,3
DA:58,3
DA:59,3
DA:60,3
DA:61,3
DA:62,2
DA:63,2
DA:64,1
DA:65,1
DA:66,1
DA:67,1
DA:68,1
DA:69,0
DA:70,0
DA:71,0
DA:72,0
DA:73,3
DA:74,1
DA:75,1
DA:76,2
DA:77,2
DA:78,2
DA:79,2
DA:80,1
DA:81,1
DA:82,1
DA:83,2
DA:84,1
DA:85,1
DA:86,2
DA:87,0
DA:88,0
DA:89,0
DA:90,0
DA:91,0
DA:92,0
DA:93,2
DA:94,1
DA:95,1
DA:96,7
DA:97,7
DA:98,7
DA:99,7
DA:100,7
DA:101,6
DA:102,7
DA:103,1
DA:104,1
DA:105,7
DA:106,0
DA:107,7
DA:108,7
DA:109,1
DA:110,1
DA:111,5
DA:112,5
DA:113,5
DA:114,5
DA:115,5
DA:116,5
DA:117,4
DA:118,5
DA:119,1
DA:120,1
DA:121,5
DA:122,0
DA:123,5
DA:124,5
DA:125,1
DA:126,1
DA:127,1
LF:127
LH:107
BRDA:6,0,0,18
BRDA:8,1,0,4
BRDA:13,2,0,2
BRDA:15,3,0,1
BRDA:20,4,0,0
BRDA:26,5,0,7
BRDA:31,6,0,0
BRDA:37,7,0,2
BRDA:41,8,0,0
BRDA:45,9,0,1
BRDA:48,10,0,0
BRDA:54,11,0,3
BRDA:59,12,0,0
BRDA:61,13,0,1
BRDA:62,14,0,2
BRDA:64,15,0,1
BRDA:69,16,0,0
BRDA:75,17,0,2
BRDA:79,18,0,1
BRDA:83,19,0,0
BRDA:84,20,0,1
BRDA:86,21,0,0
BRDA:95,22,0,7
BRDA:100,23,0,1
BRDA:101,24,0,6
BRDA:102,25,0,5
BRDA:102,26,0,1
BRDA:105,27,0,0
BRDA:110,28,0,5
BRDA:116,29,0,1
BRDA:117,30,0,4
BRDA:118,31,0,3
BRDA:118,32,0,1
BRDA:121,33,0,0
BRF:34
BRH:24
end_of_record
TN:
SF:src/routes/tasks/tasks.router.ts
FN:6,taskFactory
FNF:1
FNH:1
FNDA:18,taskFactory
DA:1,1
DA:2,1
DA:3,1
DA:4,1
DA:5,1
DA:6,1
DA:7,18
DA:8,18
DA:9,1
DA:10,1
DA:11,1
DA:12,1
DA:13,1
DA:14,1
DA:15,1
DA:16,1
LF:16
LH:16
BRDA:6,0,0,18
BRDA:10,1,0,4
BRDA:11,2,0,7
BRDA:12,3,0,2
BRDA:13,4,0,3
BRDA:14,5,0,2
BRF:6
BRH:6
end_of_record
TN:
SF:src/services/TaskService.ts
FN:13,TaskService
FN:15,add
FN:20,update
FN:24,delete
FN:28,list
FN:32,findById
FN:36,exist
FNF:7
FNH:7
FNDA:19,TaskService
FNDA:4,add
FNDA:4,update
FNDA:2,delete
FNDA:8,list
FNDA:1,findById
FNDA:8,exist
DA:1,1
DA:2,1
DA:3,1
DA:4,1
DA:5,1
DA:6,1
DA:7,1
DA:8,1
DA:9,1
DA:10,1
DA:11,1
DA:12,1
DA:13,1
DA:14,1
DA:15,1
DA:16,4
DA:17,4
DA:18,4
DA:19,1
DA:20,1
DA:21,4
DA:22,4
DA:23,1
DA:24,1
DA:25,2
DA:26,2
DA:27,1
DA:28,1
DA:29,8
DA:30,8
DA:31,1
DA:32,1
DA:33,1
DA:34,1
DA:35,1
DA:36,1
DA:37,8
DA:38,8
DA:39,1
DA:40,1
DA:41,1
DA:42,1
DA:43,1
DA:44,1
LF:44
LH:44
BRDA:13,0,0,19
BRDA:15,1,0,4
BRDA:20,2,0,4
BRDA:24,3,0,2
BRDA:28,4,0,8
BRDA:32,5,0,1
BRDA:36,6,0,8
BRF:7
BRH:7
end_of_record
